# JRE version: Java(TM) SE Runtime Environment (8.0_321-b07) (build 1.8.0_321-b07)
# Java VM: Java HotSpot(TM) 64-Bit Server VM (25.321-b07 mixed mode windows-amd64 compressed oops)
Heap:
 PSYoungGen      total 612864K, used 183034K [0x0000000716a00000, 0x0000000744d00000, 0x00000007c0000000)
  eden space 587264K, 26% used [0x0000000716a00000,0x00000007203c2210,0x000000073a780000)
  from space 25600K, 99% used [0x000000073a780000,0x000000073c07c688,0x000000073c080000)
  to   space 33280K, 65% used [0x0000000742c80000,0x00000007441a05b0,0x0000000744d00000)
 ParOldGen       total 402944K, used 45356K [0x00000005c3e00000, 0x00000005dc780000, 0x0000000716a00000)
  object space 402944K, 11% used [0x00000005c3e00000,0x00000005c6a4b080,0x00000005dc780000)
 Metaspace       used 81976K, capacity 86434K, committed 86656K, reserved 1126400K
  class space    used 10308K, capacity 11110K, committed 11136K, reserved 1048576K
GC Heap History (10 events):
Event: 5.500 GC heap before
{Heap before GC invocations=8 (full 2):
 PSYoungGen      total 401920K, used 14124K [0x0000000716a00000, 0x0000000732100000, 0x00000007c0000000)
  eden space 386560K, 0% used [0x0000000716a00000,0x0000000716a00000,0x000000072e380000)
  from space 15360K, 91% used [0x000000072f400000,0x00000007301cb390,0x0000000730300000)
  to   space 16896K, 0% used [0x000000072e380000,0x000000072e380000,0x000000072f400000)
 ParOldGen       total 188416K, used 7791K [0x00000005c3e00000, 0x00000005cf600000, 0x0000000716a00000)
  object space 188416K, 4% used [0x00000005c3e00000,0x00000005c459bc78,0x00000005cf600000)
 Metaspace       used 33834K, capacity 35394K, committed 35416K, reserved 1079296K
  class space    used 4498K, capacity 4863K, committed 4864K, reserved 1048576K
Event: 5.532 GC heap after
Heap after GC invocations=8 (full 2):
 PSYoungGen      total 401920K, used 0K [0x0000000716a00000, 0x0000000732100000, 0x00000007c0000000)
  eden space 386560K, 0% used [0x0000000716a00000,0x0000000716a00000,0x000000072e380000)
  from space 15360K, 0% used [0x000000072f400000,0x000000072f400000,0x0000000730300000)
  to   space 16896K, 0% used [0x000000072e380000,0x000000072e380000,0x000000072f400000)
 ParOldGen       total 279040K, used 18677K [0x00000005c3e00000, 0x00000005d4e80000, 0x0000000716a00000)
  object space 279040K, 6% used [0x00000005c3e00000,0x00000005c503d740,0x00000005d4e80000)
 Metaspace       used 33834K, capacity 35394K, committed 35416K, reserved 1079296K
  class space    used 4498K, capacity 4863K, committed 4864K, reserved 1048576K
}
Event: 7.670 GC heap before
{Heap before GC invocations=9 (full 2):
 PSYoungGen      total 401920K, used 386560K [0x0000000716a00000, 0x0000000732100000, 0x00000007c0000000)
  eden space 386560K, 100% used [0x0000000716a00000,0x000000072e380000,0x000000072e380000)
  from space 15360K, 0% used [0x000000072f400000,0x000000072f400000,0x0000000730300000)
  to   space 16896K, 0% used [0x000000072e380000,0x000000072e380000,0x000000072f400000)
 ParOldGen       total 279040K, used 18677K [0x00000005c3e00000, 0x00000005d4e80000, 0x0000000716a00000)
  object space 279040K, 6% used [0x00000005c3e00000,0x00000005c503d740,0x00000005d4e80000)
 Metaspace       used 49855K, capacity 52310K, committed 52352K, reserved 1095680K
  class space    used 6285K, capacity 6777K, committed 6784K, reserved 1048576K
Event: 7.686 GC heap after
Heap after GC invocations=9 (full 2):
 PSYoungGen      total 403456K, used 16882K [0x0000000716a00000, 0x000000073d700000, 0x00000007c0000000)
  eden space 386560K, 0% used [0x0000000716a00000,0x0000000716a00000,0x000000072e380000)
  from space 16896K, 99% used [0x000000072e380000,0x000000072f3fcbb8,0x000000072f400000)
  to   space 23040K, 0% used [0x000000073c080000,0x000000073c080000,0x000000073d700000)
 ParOldGen       total 279040K, used 26690K [0x00000005c3e00000, 0x00000005d4e80000, 0x0000000716a00000)
  object space 279040K, 9% used [0x00000005c3e00000,0x00000005c5810a60,0x00000005d4e80000)
 Metaspace       used 49855K, capacity 52310K, committed 52352K, reserved 1095680K
  class space    used 6285K, capacity 6777K, committed 6784K, reserved 1048576K
}
Event: 8.322 GC heap before
{Heap before GC invocations=10 (full 2):
 PSYoungGen      total 403456K, used 144164K [0x0000000716a00000, 0x000000073d700000, 0x00000007c0000000)
  eden space 386560K, 32% used [0x0000000716a00000,0x000000071e64c518,0x000000072e380000)
  from space 16896K, 99% used [0x000000072e380000,0x000000072f3fcbb8,0x000000072f400000)
  to   space 23040K, 0% used [0x000000073c080000,0x000000073c080000,0x000000073d700000)
 ParOldGen       total 279040K, used 26690K [0x00000005c3e00000, 0x00000005d4e80000, 0x0000000716a00000)
  object space 279040K, 9% used [0x00000005c3e00000,0x00000005c5810a60,0x00000005d4e80000)
 Metaspace       used 56107K, capacity 58920K, committed 59028K, reserved 1101824K
  class space    used 7121K, capacity 7661K, committed 7680K, reserved 1048576K
Event: 8.331 GC heap after
Heap after GC invocations=10 (full 2):
 PSYoungGen      total 610304K, used 21650K [0x0000000716a00000, 0x000000073e200000, 0x00000007c0000000)
  eden space 587264K, 0% used [0x0000000716a00000,0x0000000716a00000,0x000000073a780000)
  from space 23040K, 93% used [0x000000073c080000,0x000000073d5a4800,0x000000073d700000)
  to   space 25600K, 0% used [0x000000073a780000,0x000000073a780000,0x000000073c080000)
 ParOldGen       total 279040K, used 26762K [0x00000005c3e00000, 0x00000005d4e80000, 0x0000000716a00000)
  object space 279040K, 9% used [0x00000005c3e00000,0x00000005c5822a70,0x00000005d4e80000)
 Metaspace       used 56107K, capacity 58920K, committed 59028K, reserved 1101824K
  class space    used 7121K, capacity 7661K, committed 7680K, reserved 1048576K
}
Event: 8.331 GC heap before
{Heap before GC invocations=11 (full 3):
 PSYoungGen      total 610304K, used 21650K [0x0000000716a00000, 0x000000073e200000, 0x00000007c0000000)
  eden space 587264K, 0% used [0x0000000716a00000,0x0000000716a00000,0x000000073a780000)
  from space 23040K, 93% used [0x000000073c080000,0x000000073d5a4800,0x000000073d700000)
  to   space 25600K, 0% used [0x000000073a780000,0x000000073a780000,0x000000073c080000)
 ParOldGen       total 279040K, used 26762K [0x00000005c3e00000, 0x00000005d4e80000, 0x0000000716a00000)
  object space 279040K, 9% used [0x00000005c3e00000,0x00000005c5822a70,0x00000005d4e80000)
 Metaspace       used 56107K, capacity 58920K, committed 59028K, reserved 1101824K
  class space    used 7121K, capacity 7661K, committed 7680K, reserved 1048576K
Event: 8.492 GC heap after
Heap after GC invocations=11 (full 3):
 PSYoungGen      total 610304K, used 0K [0x0000000716a00000, 0x000000073e200000, 0x00000007c0000000)
  eden space 587264K, 0% used [0x0000000716a00000,0x0000000716a00000,0x000000073a780000)
  from space 23040K, 0% used [0x000000073c080000,0x000000073c080000,0x000000073d700000)
  to   space 25600K, 0% used [0x000000073a780000,0x000000073a780000,0x000000073c080000)
 ParOldGen       total 402944K, used 34667K [0x00000005c3e00000, 0x00000005dc780000, 0x0000000716a00000)
  object space 402944K, 8% used [0x00000005c3e00000,0x00000005c5fdad98,0x00000005dc780000)
 Metaspace       used 56107K, capacity 58920K, committed 59028K, reserved 1101824K
  class space    used 7121K, capacity 7661K, committed 7680K, reserved 1048576K
}
Event: 14.286 GC heap before
{Heap before GC invocations=12 (full 3):
 PSYoungGen      total 610304K, used 587264K [0x0000000716a00000, 0x000000073e200000, 0x00000007c0000000)
  eden space 587264K, 100% used [0x0000000716a00000,0x000000073a780000,0x000000073a780000)
  from space 23040K, 0% used [0x000000073c080000,0x000000073c080000,0x000000073d700000)
  to   space 25600K, 0% used [0x000000073a780000,0x000000073a780000,0x000000073c080000)
 ParOldGen       total 402944K, used 34667K [0x00000005c3e00000, 0x00000005dc780000, 0x0000000716a00000)
  object space 402944K, 8% used [0x00000005c3e00000,0x00000005c5fdad98,0x00000005dc780000)
 Metaspace       used 78323K, capacity 82498K, committed 82688K, reserved 1122304K
  class space    used 9888K, capacity 10654K, committed 10752K, reserved 1048576K
Event: 14.305 GC heap after
Heap after GC invocations=12 (full 3):
 PSYoungGen      total 612864K, used 25585K [0x0000000716a00000, 0x0000000744d00000, 0x00000007c0000000)
  eden space 587264K, 0% used [0x0000000716a00000,0x0000000716a00000,0x000000073a780000)
  from space 25600K, 99% used [0x000000073a780000,0x000000073c07c688,0x000000073c080000)
  to   space 33280K, 0% used [0x0000000742c80000,0x0000000742c80000,0x0000000744d00000)
 ParOldGen       total 402944K, used 45348K [0x00000005c3e00000, 0x00000005dc780000, 0x0000000716a00000)
  object space 402944K, 11% used [0x00000005c3e00000,0x00000005c6a49080,0x00000005dc780000)
 Metaspace       used 78323K, capacity 82498K, committed 82688K, reserved 1122304K
  class space    used 9888K, capacity 10654K, committed 10752K, reserved 1048576K
}

